ERROR 2025-05-06 13:21:12,682 utils 3596 123145366884352 加载中文语言模型失败: [E050] Can't find model 'zh_core_web_sm'. It doesn't seem to be a Python package or a valid path to a data directory.
ERROR 2025-05-06 13:21:23,896 utils 3596 123145366884352 加载中文语言模型失败: [E050] Can't find model 'zh_core_web_sm'. It doesn't seem to be a Python package or a valid path to a data directory.
INFO 2025-05-06 13:22:26,451 utils 3687 123145379078144 成功加载中文语言模型
INFO 2025-05-06 13:22:26,451 utils 3687 123145379078144 开始解析文件: 个人简历pdf版.pdf, 类型: .pdf
INFO 2025-05-06 13:22:26,471 utils 3687 123145379078144 PDF文件解析成功
WARNING 2025-05-06 13:22:26,542 utils 3687 123145379078144 未找到姓名信息
INFO 2025-05-06 13:22:26,542 utils 3687 123145379078144 提取到电话: 18824057272
INFO 2025-05-06 13:22:26,542 utils 3687 123145379078144 提取到邮箱: DeHongBoy@outlook.comQQ
WARNING 2025-05-06 13:22:26,542 utils 3687 123145379078144 未找到教育经历
INFO 2025-05-06 13:22:26,542 utils 3687 123145379078144 提取到1条工作经历
WARNING 2025-05-06 13:22:26,543 utils 3687 123145379078144 未找到技能信息
INFO 2025-05-06 13:22:26,543 utils 3687 123145379078144 信息提取成功
INFO 2025-05-06 13:24:33,892 utils 3687 123145379078144 成功加载中文语言模型
INFO 2025-05-06 13:24:33,892 utils 3687 123145379078144 开始解析文件: 中国石油大学-朱俊诚-硕士-计算机科学.pdf, 类型: .pdf
INFO 2025-05-06 13:24:33,968 utils 3687 123145379078144 PDF文件解析成功
WARNING 2025-05-06 13:24:34,048 utils 3687 123145379078144 未找到姓名信息
INFO 2025-05-06 13:24:34,048 utils 3687 123145379078144 提取到电话: 18810463400
INFO 2025-05-06 13:24:34,048 utils 3687 123145379078144 提取到邮箱: devilsong1987@gmail.com
WARNING 2025-05-06 13:24:34,048 utils 3687 123145379078144 未找到教育经历
WARNING 2025-05-06 13:24:34,048 utils 3687 123145379078144 未找到工作经历
WARNING 2025-05-06 13:24:34,048 utils 3687 123145379078144 未找到技能信息
INFO 2025-05-06 13:24:34,048 utils 3687 123145379078144 信息提取成功
INFO 2025-05-06 13:30:24,596 utils 3764 123145481768960 成功加载中文语言模型
INFO 2025-05-06 13:30:24,596 utils 3764 123145481768960 开始解析文件: 个人简历pdf版.pdf, 类型: .pdf
INFO 2025-05-06 13:30:24,644 utils 3764 123145481768960 PDF文件解析成功
INFO 2025-05-06 13:30:24,737 utils 3764 123145481768960 通过NER提取到姓名: 许德鸿
INFO 2025-05-06 13:30:24,737 utils 3764 123145481768960 提取到电话: 18824057272
INFO 2025-05-06 13:30:24,737 utils 3764 123145481768960 提取到邮箱: DeHongBoy@outlook.comQQ
INFO 2025-05-06 13:30:24,738 utils 3764 123145481768960 通过学校名称提取到1条教育经历
INFO 2025-05-06 13:30:24,738 utils 3764 123145481768960 提取到1条工作经历
INFO 2025-05-06 13:30:24,739 utils 3764 123145481768960 通过关键词提取到9个技能
INFO 2025-05-06 13:30:24,739 utils 3764 123145481768960 信息提取成功
INFO 2025-05-06 13:30:41,635 utils 3764 123145481768960 成功加载中文语言模型
INFO 2025-05-06 13:30:41,635 utils 3764 123145481768960 开始解析文件: 中国石油大学-朱俊诚-硕士-计算机科学.pdf, 类型: .pdf
INFO 2025-05-06 13:30:41,674 utils 3764 123145481768960 PDF文件解析成功
INFO 2025-05-06 13:30:41,781 utils 3764 123145481768960 通过NER提取到姓名: 朱俊诚
INFO 2025-05-06 13:30:41,781 utils 3764 123145481768960 提取到电话: 18810463400
INFO 2025-05-06 13:30:41,781 utils 3764 123145481768960 提取到邮箱: devilsong1987@gmail.com
INFO 2025-05-06 13:30:41,782 utils 3764 123145481768960 提取到3条教育经历
INFO 2025-05-06 13:30:41,783 utils 3764 123145481768960 通过公司名称提取到1条工作经历
INFO 2025-05-06 13:30:41,783 utils 3764 123145481768960 通过关键词提取到1个技能
INFO 2025-05-06 13:30:41,783 utils 3764 123145481768960 信息提取成功
INFO 2025-05-06 13:35:18,727 utils 3808 123145466728448 成功加载中文语言模型
INFO 2025-05-06 13:35:18,727 utils 3808 123145466728448 开始解析文件: 个人简历pdf版.pdf, 类型: .pdf
INFO 2025-05-06 13:35:18,775 utils 3808 123145466728448 PDF文件解析成功
INFO 2025-05-06 13:35:18,884 utils 3808 123145466728448 通过NER提取到姓名: 许德鸿
WARNING 2025-05-06 13:35:18,884 utils 3808 123145466728448 未找到性别信息
WARNING 2025-05-06 13:35:18,884 utils 3808 123145466728448 未找到年龄信息
INFO 2025-05-06 13:35:18,884 utils 3808 123145466728448 提取到电话: 18824057272
INFO 2025-05-06 13:35:18,885 utils 3808 123145466728448 提取到邮箱: DeHongBoy@outlook.comQQ
INFO 2025-05-06 13:35:18,885 utils 3808 123145466728448 通过学校名称提取到1条教育经历
INFO 2025-05-06 13:35:18,886 utils 3808 123145466728448 提取到1条工作经历
INFO 2025-05-06 13:35:18,887 utils 3808 123145466728448 通过关键词提取到9个技能
INFO 2025-05-06 13:35:18,887 utils 3808 123145466728448 提取到学校: 个⼈人信息 许德鸿,男,1995年年⽣生,⼴广东江⻔门⼈人本科学历,五⾢邑⼤大学
INFO 2025-05-06 13:35:18,888 utils 3808 123145466728448 提取到学历: 个⼈人信息 许德鸿,男,1995年年⽣生,⼴广东江⻔门⼈人本科
INFO 2025-05-06 13:35:18,888 utils 3808 123145466728448 提取到专业: 个⼈人信息 许德鸿,男,1995年年⽣生,⼴广东江⻔门⼈人本科学历,五⾢邑⼤大学通信⼯工程专业,2017年年毕业GitHub:https://github.com/XuDeHong证书:CET-4,软件设计师⼯工作经验:⼀一年年半应聘职位:iOS开发⼯工程师联系⽅方式 ⼿手机:18824057272Email:DeHongBoy@outlook.comQQ/微信号:740665370/x-udehong个⼈人技能 熟练掌握Objective-C,HTML,JavaScript,CSS,了了解Swift熟练使⽤用UIKit,Foundation等系统框架和控件,熟悉UI界⾯面的搭建和适配熟悉Xcode开发环境,能进⾏行行基本的业务开发,调试,优化以及打包熟练掌握MVC,MVVM,Delegate,Singleton,Strategy等常⽤用设计模式熟练使⽤用Git,SourceTree进⾏行行代码版本控制熟悉App Store上线审核流程熟练使⽤用Vue.js框架进⾏行行web端开发⼯工作经历 国信证券股份有限公司 开发⼯工程师 ⾦金金融矿⼯工 iOS APP 简介:⾦金金融资讯类应⽤用,具有⾦金金融资讯,聊天群,个⼈人账单,推荐开户等功能负责现有功能的bug调试,修复,利利⽤用Bugly定位错误代码负责⾸首⻚页,选股⻚页,新闻⻚页,个⼈人信息⻚页等新业务的开发,⽤用纯代码⽅方式搭建UI,代码清晰易易维护负责各⻚页⾯面性能调优,⽤用view懒加载,view重⽤用,减少图层混合等⽅方法,解决⻚页⾯面滑动卡顿问题负责部分H5⻚页⾯面开发,解决OC和JS交互的问题负责APP打包,分发测试,上传审核以及发布上线客户关系管理理系
INFO 2025-05-06 13:35:18,888 utils 3808 123145466728448 信息提取成功
INFO 2025-05-06 13:35:28,940 utils 3808 123145466728448 成功加载中文语言模型
INFO 2025-05-06 13:35:28,940 utils 3808 123145466728448 开始解析文件: 中国石油大学-朱俊诚-硕士-计算机科学.pdf, 类型: .pdf
INFO 2025-05-06 13:35:29,008 utils 3808 123145466728448 PDF文件解析成功
INFO 2025-05-06 13:35:29,115 utils 3808 123145466728448 通过NER提取到姓名: 朱俊诚
WARNING 2025-05-06 13:35:29,115 utils 3808 123145466728448 未找到性别信息
WARNING 2025-05-06 13:35:29,115 utils 3808 123145466728448 未找到年龄信息
INFO 2025-05-06 13:35:29,115 utils 3808 123145466728448 提取到电话: 18810463400
INFO 2025-05-06 13:35:29,115 utils 3808 123145466728448 提取到邮箱: devilsong1987@gmail.com
INFO 2025-05-06 13:35:29,115 utils 3808 123145466728448 提取到3条教育经历
INFO 2025-05-06 13:35:29,116 utils 3808 123145466728448 通过公司名称提取到1条工作经历
INFO 2025-05-06 13:35:29,116 utils 3808 123145466728448 通过关键词提取到1个技能
INFO 2025-05-06 13:35:29,116 utils 3808 123145466728448 提取到学校: 中国石油大学 专 业:计算机科学与技术
INFO 2025-05-06 13:35:29,116 utils 3808 123145466728448 提取到学历: 2011-至今 中国石油大学计算机科学与技术 硕士
WARNING 2025-05-06 13:35:29,116 utils 3808 123145466728448 未找到专业信息
INFO 2025-05-06 13:35:29,116 utils 3808 123145466728448 信息提取成功
INFO 2025-05-06 13:36:57,045 utils 3854 123145598484480 成功加载中文语言模型
INFO 2025-05-06 13:36:57,045 utils 3854 123145598484480 开始解析文件: 个人简历pdf版.pdf, 类型: .pdf
INFO 2025-05-06 13:36:57,062 utils 3854 123145598484480 PDF文件解析成功
INFO 2025-05-06 13:36:57,161 utils 3854 123145598484480 通过NER提取到姓名: 许德鸿
WARNING 2025-05-06 13:36:57,161 utils 3854 123145598484480 未找到性别信息
WARNING 2025-05-06 13:36:57,161 utils 3854 123145598484480 未找到年龄信息
INFO 2025-05-06 13:36:57,161 utils 3854 123145598484480 提取到电话: 18824057272
INFO 2025-05-06 13:36:57,162 utils 3854 123145598484480 提取到邮箱: DeHongBoy@outlook.comQQ
INFO 2025-05-06 13:36:57,162 utils 3854 123145598484480 通过学校名称提取到1条教育经历
INFO 2025-05-06 13:36:57,163 utils 3854 123145598484480 提取到1条工作经历
INFO 2025-05-06 13:36:57,164 utils 3854 123145598484480 通过关键词提取到9个技能
INFO 2025-05-06 13:36:57,164 utils 3854 123145598484480 提取到学校: 个⼈人信息 许德鸿,男,1995年年⽣生,⼴广东江⻔门⼈人本科学历,五⾢邑⼤大学
INFO 2025-05-06 13:36:57,164 utils 3854 123145598484480 提取到学历: 个⼈人信息 许德鸿,男,1995年年⽣生,⼴广东江⻔门⼈人本科
INFO 2025-05-06 13:36:57,164 utils 3854 123145598484480 提取到专业: 个⼈人信息 许德鸿,男,1995年年⽣生,⼴广东江⻔门⼈人本科学历,五⾢邑⼤大学通信⼯工程专业,2017年年毕业GitHub:https://github.com/XuDeHong证书:CET-4,软件设计师⼯工作经验:⼀一年年半应聘职位:iOS开发⼯工程师联系⽅方式 ⼿手机:18824057272Email:DeHongBoy@outlook.comQQ/微信号:740665370/x-udehong个⼈人技能 熟练掌握Objective-C,HTML,JavaScript,CSS,了了解Swift熟练使⽤用UIKit,Foundation等系统框架和控件,熟悉UI界⾯面的搭建和适配熟悉Xcode开发环境,能进⾏行行基本的业务开发,调试,优化以及打包熟练掌握MVC,MVVM,Delegate,Singleton,Strategy等常⽤用设计模式熟练使⽤用Git,SourceTree进⾏行行代码版本控制熟悉App Store上线审核流程熟练使⽤用Vue.js框架进⾏行行web端开发⼯工作经历 国信证券股份有限公司 开发⼯工程师 ⾦金金融矿⼯工 iOS APP 简介:⾦金金融资讯类应⽤用,具有⾦金金融资讯,聊天群,个⼈人账单,推荐开户等功能负责现有功能的bug调试,修复,利利⽤用Bugly定位错误代码负责⾸首⻚页,选股⻚页,新闻⻚页,个⼈人信息⻚页等新业务的开发,⽤用纯代码⽅方式搭建UI,代码清晰易易维护负责各⻚页⾯面性能调优,⽤用view懒加载,view重⽤用,减少图层混合等⽅方法,解决⻚页⾯面滑动卡顿问题负责部分H5⻚页⾯面开发,解决OC和JS交互的问题负责APP打包,分发测试,上传审核以及发布上线客户关系管理理系
INFO 2025-05-06 13:36:57,164 utils 3854 123145598484480 信息提取成功
INFO 2025-05-06 13:37:11,754 utils 3854 123145598484480 成功加载中文语言模型
INFO 2025-05-06 13:37:11,754 utils 3854 123145598484480 开始解析文件: 中国石油大学-朱俊诚-硕士-计算机科学.pdf, 类型: .pdf
INFO 2025-05-06 13:37:11,823 utils 3854 123145598484480 PDF文件解析成功
INFO 2025-05-06 13:37:11,932 utils 3854 123145598484480 通过NER提取到姓名: 朱俊诚
WARNING 2025-05-06 13:37:11,933 utils 3854 123145598484480 未找到性别信息
WARNING 2025-05-06 13:37:11,933 utils 3854 123145598484480 未找到年龄信息
INFO 2025-05-06 13:37:11,933 utils 3854 123145598484480 提取到电话: 18810463400
INFO 2025-05-06 13:37:11,933 utils 3854 123145598484480 提取到邮箱: devilsong1987@gmail.com
INFO 2025-05-06 13:37:11,933 utils 3854 123145598484480 提取到3条教育经历
INFO 2025-05-06 13:37:11,934 utils 3854 123145598484480 通过公司名称提取到1条工作经历
INFO 2025-05-06 13:37:11,934 utils 3854 123145598484480 通过关键词提取到1个技能
INFO 2025-05-06 13:37:11,934 utils 3854 123145598484480 提取到学校: 中国石油大学 专 业:计算机科学与技术
INFO 2025-05-06 13:37:11,934 utils 3854 123145598484480 提取到学历: 2011-至今 中国石油大学计算机科学与技术 硕士
WARNING 2025-05-06 13:37:11,934 utils 3854 123145598484480 未找到专业信息
INFO 2025-05-06 13:37:11,934 utils 3854 123145598484480 信息提取成功
INFO 2025-05-06 13:46:45,746 utils 4004 123145373331456 成功加载中文语言模型
INFO 2025-05-06 13:46:45,746 utils 4004 123145373331456 开始解析文件: 个人简历pdf版.pdf, 类型: .pdf
INFO 2025-05-06 13:46:45,797 utils 4004 123145373331456 PDF文件解析成功
INFO 2025-05-06 13:46:45,905 utils 4004 123145373331456 通过NER提取到姓名: 许德鸿
WARNING 2025-05-06 13:46:45,906 utils 4004 123145373331456 未找到性别信息
WARNING 2025-05-06 13:46:45,906 utils 4004 123145373331456 未找到年龄信息
INFO 2025-05-06 13:46:45,906 utils 4004 123145373331456 提取到电话: 18824057272
INFO 2025-05-06 13:46:45,906 utils 4004 123145373331456 提取到邮箱: DeHongBoy@outlook.comQQ
INFO 2025-05-06 13:46:45,907 utils 4004 123145373331456 通过学校名称提取到1条教育经历
INFO 2025-05-06 13:46:45,907 utils 4004 123145373331456 提取到1条工作经历
INFO 2025-05-06 13:46:45,908 utils 4004 123145373331456 通过关键词提取到9个技能
INFO 2025-05-06 13:46:45,909 utils 4004 123145373331456 提取到学校: 个⼈人信息 许德鸿,男,1995年年⽣生,⼴广东江⻔门⼈人本科学历,五⾢邑⼤大学
INFO 2025-05-06 13:46:45,909 utils 4004 123145373331456 提取到学历: 个⼈人信息 许德鸿,男,1995年年⽣生,⼴广东江⻔门⼈人本科
INFO 2025-05-06 13:46:45,909 utils 4004 123145373331456 提取到专业: 个⼈人信息 许德鸿,男,1995年年⽣生,⼴广东江⻔门⼈人本科学历,五⾢邑⼤大学通信⼯工程专业,2017年年毕业GitHub:https://github.com/XuDeHong证书:CET-4,软件设计师⼯工作经验:⼀一年年半应聘职位:iOS开发⼯工程师联系⽅方式 ⼿手机:18824057272Email:DeHongBoy@outlook.comQQ/微信号:740665370/x-udehong个⼈人技能 熟练掌握Objective-C,HTML,JavaScript,CSS,了了解Swift熟练使⽤用UIKit,Foundation等系统框架和控件,熟悉UI界⾯面的搭建和适配熟悉Xcode开发环境,能进⾏行行基本的业务开发,调试,优化以及打包熟练掌握MVC,MVVM,Delegate,Singleton,Strategy等常⽤用设计模式熟练使⽤用Git,SourceTree进⾏行行代码版本控制熟悉App Store上线审核流程熟练使⽤用Vue.js框架进⾏行行web端开发⼯工作经历 国信证券股份有限公司 开发⼯工程师 ⾦金金融矿⼯工 iOS APP 简介:⾦金金融资讯类应⽤用,具有⾦金金融资讯,聊天群,个⼈人账单,推荐开户等功能负责现有功能的bug调试,修复,利利⽤用Bugly定位错误代码负责⾸首⻚页,选股⻚页,新闻⻚页,个⼈人信息⻚页等新业务的开发,⽤用纯代码⽅方式搭建UI,代码清晰易易维护负责各⻚页⾯面性能调优,⽤用view懒加载,view重⽤用,减少图层混合等⽅方法,解决⻚页⾯面滑动卡顿问题负责部分H5⻚页⾯面开发,解决OC和JS交互的问题负责APP打包,分发测试,上传审核以及发布上线客户关系管理理系
INFO 2025-05-06 13:46:45,909 utils 4004 123145373331456 信息提取成功
INFO 2025-05-06 13:47:34,001 utils 4039 123145475260416 成功加载中文语言模型
INFO 2025-05-06 13:47:34,002 utils 4039 123145475260416 开始解析文件: 个人简历pdf版.pdf, 类型: .pdf
INFO 2025-05-06 13:47:34,020 utils 4039 123145475260416 PDF文件解析成功
INFO 2025-05-06 13:47:34,148 utils 4039 123145475260416 通过NER提取到姓名: 许德鸿
WARNING 2025-05-06 13:47:34,148 utils 4039 123145475260416 未找到性别信息
WARNING 2025-05-06 13:47:34,149 utils 4039 123145475260416 未找到年龄信息
INFO 2025-05-06 13:47:34,149 utils 4039 123145475260416 提取到电话: 18824057272
INFO 2025-05-06 13:47:34,149 utils 4039 123145475260416 提取到邮箱: DeHongBoy@outlook.comQQ
INFO 2025-05-06 13:47:34,150 utils 4039 123145475260416 通过学校名称提取到1条教育经历
INFO 2025-05-06 13:47:34,150 utils 4039 123145475260416 提取到1条工作经历
INFO 2025-05-06 13:47:34,151 utils 4039 123145475260416 通过关键词提取到9个技能
INFO 2025-05-06 13:47:34,152 utils 4039 123145475260416 提取到学校: 个⼈人信息 许德鸿,男,1995年年⽣生,⼴广东江⻔门⼈人本科学历,五⾢邑⼤大学
INFO 2025-05-06 13:47:34,152 utils 4039 123145475260416 提取到学历: 个⼈人信息 许德鸿,男,1995年年⽣生,⼴广东江⻔门⼈人本科
INFO 2025-05-06 13:47:34,152 utils 4039 123145475260416 提取到专业: 个⼈人信息 许德鸿,男,1995年年⽣生,⼴广东江⻔门⼈人本科学历,五⾢邑⼤大学通信⼯工程专业,2017年年毕业GitHub:https://github.com/XuDeHong证书:CET-4,软件设计师⼯工作经验:⼀一年年半应聘职位:iOS开发⼯工程师联系⽅方式 ⼿手机:18824057272Email:DeHongBoy@outlook.comQQ/微信号:740665370/x-udehong个⼈人技能 熟练掌握Objective-C,HTML,JavaScript,CSS,了了解Swift熟练使⽤用UIKit,Foundation等系统框架和控件,熟悉UI界⾯面的搭建和适配熟悉Xcode开发环境,能进⾏行行基本的业务开发,调试,优化以及打包熟练掌握MVC,MVVM,Delegate,Singleton,Strategy等常⽤用设计模式熟练使⽤用Git,SourceTree进⾏行行代码版本控制熟悉App Store上线审核流程熟练使⽤用Vue.js框架进⾏行行web端开发⼯工作经历 国信证券股份有限公司 开发⼯工程师 ⾦金金融矿⼯工 iOS APP 简介:⾦金金融资讯类应⽤用,具有⾦金金融资讯,聊天群,个⼈人账单,推荐开户等功能负责现有功能的bug调试,修复,利利⽤用Bugly定位错误代码负责⾸首⻚页,选股⻚页,新闻⻚页,个⼈人信息⻚页等新业务的开发,⽤用纯代码⽅方式搭建UI,代码清晰易易维护负责各⻚页⾯面性能调优,⽤用view懒加载,view重⽤用,减少图层混合等⽅方法,解决⻚页⾯面滑动卡顿问题负责部分H5⻚页⾯面开发,解决OC和JS交互的问题负责APP打包,分发测试,上传审核以及发布上线客户关系管理理系
INFO 2025-05-06 13:47:34,153 utils 4039 123145475260416 信息提取成功
INFO 2025-05-06 13:48:44,117 utils 4057 123145406976000 成功加载中文语言模型
INFO 2025-05-06 13:48:44,117 utils 4057 123145406976000 开始解析文件: 个人简历pdf版.pdf, 类型: .pdf
INFO 2025-05-06 13:48:44,168 utils 4057 123145406976000 PDF文件解析成功
INFO 2025-05-06 13:48:44,280 utils 4057 123145406976000 通过NER提取到姓名: 许德鸿
WARNING 2025-05-06 13:48:44,281 utils 4057 123145406976000 未找到性别信息
WARNING 2025-05-06 13:48:44,282 utils 4057 123145406976000 未找到年龄信息
INFO 2025-05-06 13:48:44,282 utils 4057 123145406976000 提取到电话: 18824057272
INFO 2025-05-06 13:48:44,282 utils 4057 123145406976000 提取到邮箱: DeHongBoy@outlook.comQQ
INFO 2025-05-06 13:48:44,283 utils 4057 123145406976000 通过学校名称提取到1条教育经历
INFO 2025-05-06 13:48:44,283 utils 4057 123145406976000 提取到1条工作经历
INFO 2025-05-06 13:48:44,284 utils 4057 123145406976000 通过关键词提取到9个技能
INFO 2025-05-06 13:48:44,285 utils 4057 123145406976000 提取到学校: 个⼈人信息 许德鸿,男,1995年年⽣生,⼴广东江⻔门⼈人本科学历,五⾢邑⼤大学
INFO 2025-05-06 13:48:44,285 utils 4057 123145406976000 提取到学历: 个⼈人信息 许德鸿,男,1995年年⽣生,⼴广东江⻔门⼈人本科
INFO 2025-05-06 13:48:44,286 utils 4057 123145406976000 提取到专业: 个⼈人信息 许德鸿,男,1995年年⽣生,⼴广东江⻔门⼈人本科学历,五⾢邑⼤大学通信⼯工程专业,2017年年毕业GitHub:https://github.com/XuDeHong证书:CET-4,软件设计师⼯工作经验:⼀一年年半应聘职位:iOS开发⼯工程师联系⽅方式 ⼿手机:18824057272Email:DeHongBoy@outlook.comQQ/微信号:740665370/x-udehong个⼈人技能 熟练掌握Objective-C,HTML,JavaScript,CSS,了了解Swift熟练使⽤用UIKit,Foundation等系统框架和控件,熟悉UI界⾯面的搭建和适配熟悉Xcode开发环境,能进⾏行行基本的业务开发,调试,优化以及打包熟练掌握MVC,MVVM,Delegate,Singleton,Strategy等常⽤用设计模式熟练使⽤用Git,SourceTree进⾏行行代码版本控制熟悉App Store上线审核流程熟练使⽤用Vue.js框架进⾏行行web端开发⼯工作经历 国信证券股份有限公司 开发⼯工程师 ⾦金金融矿⼯工 iOS APP 简介:⾦金金融资讯类应⽤用,具有⾦金金融资讯,聊天群,个⼈人账单,推荐开户等功能负责现有功能的bug调试,修复,利利⽤用Bugly定位错误代码负责⾸首⻚页,选股⻚页,新闻⻚页,个⼈人信息⻚页等新业务的开发,⽤用纯代码⽅方式搭建UI,代码清晰易易维护负责各⻚页⾯面性能调优,⽤用view懒加载,view重⽤用,减少图层混合等⽅方法,解决⻚页⾯面滑动卡顿问题负责部分H5⻚页⾯面开发,解决OC和JS交互的问题负责APP打包,分发测试,上传审核以及发布上线客户关系管理理系
INFO 2025-05-06 13:48:44,286 utils 4057 123145406976000 信息提取成功
INFO 2025-05-06 13:49:04,671 utils 4077 123145505640448 成功加载中文语言模型
INFO 2025-05-06 13:49:04,671 utils 4077 123145505640448 开始解析文件: 个人简历pdf版.pdf, 类型: .pdf
INFO 2025-05-06 13:49:04,721 utils 4077 123145505640448 PDF文件解析成功
INFO 2025-05-06 13:49:04,828 utils 4077 123145505640448 通过NER提取到姓名: 许德鸿
INFO 2025-05-06 13:49:04,828 utils 4077 123145505640448 提取到电话: 18824057272
INFO 2025-05-06 13:49:04,828 utils 4077 123145505640448 提取到邮箱: DeHongBoy@outlook.comQQ
INFO 2025-05-06 13:49:04,829 utils 4077 123145505640448 通过学校名称提取到1条教育经历
INFO 2025-05-06 13:49:04,829 utils 4077 123145505640448 提取到1条工作经历
INFO 2025-05-06 13:49:04,830 utils 4077 123145505640448 通过关键词提取到9个技能
INFO 2025-05-06 13:49:04,830 utils 4077 123145505640448 信息提取成功
INFO 2025-05-06 13:53:05,486 utils 4158 123145393438720 成功加载中文语言模型
INFO 2025-05-06 13:53:05,486 utils 4158 123145393438720 开始解析文件: 个人简历pdf版.pdf, 类型: .pdf
INFO 2025-05-06 13:53:05,534 utils 4158 123145393438720 PDF文件解析成功
INFO 2025-05-06 13:53:05,641 utils 4158 123145393438720 通过NER提取到姓名: 许德鸿
WARNING 2025-05-06 13:53:05,641 utils 4158 123145393438720 未找到性别信息
WARNING 2025-05-06 13:53:05,641 utils 4158 123145393438720 未找到年龄信息
INFO 2025-05-06 13:53:05,642 utils 4158 123145393438720 提取到电话: 18824057272
INFO 2025-05-06 13:53:05,642 utils 4158 123145393438720 提取到邮箱: DeHongBoy@outlook.comQQ
INFO 2025-05-06 13:53:05,643 utils 4158 123145393438720 通过学校名称提取到1条教育经历
INFO 2025-05-06 13:53:05,644 utils 4158 123145393438720 提取到1条工作经历
INFO 2025-05-06 13:53:05,645 utils 4158 123145393438720 通过关键词提取到2个技能
INFO 2025-05-06 13:53:05,645 utils 4158 123145393438720 信息提取成功
INFO 2025-05-06 13:58:16,255 utils 4354 123145348653056 成功加载中文语言模型
INFO 2025-05-06 13:58:16,256 utils 4354 123145348653056 开始解析文件: 中国石油大学-朱俊诚-硕士-计算机科学.pdf, 类型: .pdf
INFO 2025-05-06 13:58:16,402 utils 4354 123145348653056 PDF文件解析成功
INFO 2025-05-06 13:58:16,548 utils 4354 123145348653056 通过NER提取到姓名: 朱俊诚
WARNING 2025-05-06 13:58:16,549 utils 4354 123145348653056 未找到性别信息
WARNING 2025-05-06 13:58:16,550 utils 4354 123145348653056 未找到年龄信息
INFO 2025-05-06 13:58:16,550 utils 4354 123145348653056 提取到电话: 18810463400
INFO 2025-05-06 13:58:16,550 utils 4354 123145348653056 提取到邮箱: devilsong1987@gmail.com
INFO 2025-05-06 13:58:16,551 utils 4354 123145348653056 提取到2条教育经历
WARNING 2025-05-06 13:58:16,552 utils 4354 123145348653056 未找到工作经历
WARNING 2025-05-06 13:58:16,553 utils 4354 123145348653056 未找到技能信息
INFO 2025-05-06 13:58:16,553 utils 4354 123145348653056 信息提取成功
INFO 2025-05-06 13:59:26,762 utils 4354 123145348653056 成功加载中文语言模型
INFO 2025-05-06 13:59:26,763 utils 4354 123145348653056 开始解析文件: 个人简历pdf版.pdf, 类型: .pdf
INFO 2025-05-06 13:59:26,780 utils 4354 123145348653056 PDF文件解析成功
INFO 2025-05-06 13:59:26,867 utils 4354 123145348653056 通过NER提取到姓名: 许德鸿
WARNING 2025-05-06 13:59:26,867 utils 4354 123145348653056 未找到性别信息
WARNING 2025-05-06 13:59:26,867 utils 4354 123145348653056 未找到年龄信息
INFO 2025-05-06 13:59:26,867 utils 4354 123145348653056 提取到电话: 18824057272
INFO 2025-05-06 13:59:26,867 utils 4354 123145348653056 提取到邮箱: DeHongBoy@outlook.comQQ
INFO 2025-05-06 13:59:26,867 utils 4354 123145348653056 通过学校名称提取到1条教育经历
INFO 2025-05-06 13:59:26,868 utils 4354 123145348653056 提取到1条工作经历
INFO 2025-05-06 13:59:26,868 utils 4354 123145348653056 通过关键词提取到2个技能
INFO 2025-05-06 13:59:26,868 utils 4354 123145348653056 信息提取成功
INFO 2025-05-06 14:01:42,761 utils 4413 123145356083200 成功加载中文语言模型
INFO 2025-05-06 14:01:42,761 utils 4413 123145356083200 开始解析文件: 个人简历pdf版.pdf, 类型: .pdf
INFO 2025-05-06 14:01:42,810 utils 4413 123145356083200 PDF文件解析成功
INFO 2025-05-06 14:01:42,915 utils 4413 123145356083200 通过NER提取到姓名: 许德鸿
WARNING 2025-05-06 14:01:42,915 utils 4413 123145356083200 未找到性别信息
WARNING 2025-05-06 14:01:42,916 utils 4413 123145356083200 未找到年龄信息
INFO 2025-05-06 14:01:42,916 utils 4413 123145356083200 提取到电话: 18824057272
INFO 2025-05-06 14:01:42,916 utils 4413 123145356083200 提取到邮箱: DeHongBoy@outlook.comQQ
INFO 2025-05-06 14:01:42,917 utils 4413 123145356083200 通过学校名称提取到1条教育经历
INFO 2025-05-06 14:01:42,917 utils 4413 123145356083200 提取到1条工作经历
INFO 2025-05-06 14:01:42,919 utils 4413 123145356083200 通过关键词提取到2个技能
INFO 2025-05-06 14:01:42,919 utils 4413 123145356083200 信息提取成功
INFO 2025-05-06 14:06:25,190 utils 4498 123145602981888 成功加载中文语言模型
INFO 2025-05-06 14:06:25,190 utils 4498 123145602981888 开始解析文件: 中国石油大学-朱俊诚-硕士-计算机科学.pdf, 类型: .pdf
INFO 2025-05-06 14:06:25,336 utils 4498 123145602981888 PDF文件解析成功
INFO 2025-05-06 14:06:25,480 utils 4498 123145602981888 通过NER提取到姓名: 朱俊诚
WARNING 2025-05-06 14:06:25,480 utils 4498 123145602981888 未找到性别信息
WARNING 2025-05-06 14:06:25,481 utils 4498 123145602981888 未找到年龄信息
INFO 2025-05-06 14:06:25,481 utils 4498 123145602981888 提取到电话: 18810463400
INFO 2025-05-06 14:06:25,481 utils 4498 123145602981888 提取到邮箱: devilsong1987@gmail.com
INFO 2025-05-06 14:06:25,482 utils 4498 123145602981888 提取到2条教育经历
WARNING 2025-05-06 14:06:25,483 utils 4498 123145602981888 未找到工作经历
WARNING 2025-05-06 14:06:25,484 utils 4498 123145602981888 未找到技能信息
INFO 2025-05-06 14:06:25,484 utils 4498 123145602981888 信息提取成功
INFO 2025-05-06 14:06:48,757 utils 4498 123145602981888 成功加载中文语言模型
INFO 2025-05-06 14:06:48,757 utils 4498 123145602981888 开始解析文件: 中国石油大学-朱俊诚-硕士-计算机科学.pdf, 类型: .pdf
INFO 2025-05-06 14:06:48,828 utils 4498 123145602981888 PDF文件解析成功
INFO 2025-05-06 14:06:48,950 utils 4498 123145602981888 通过NER提取到姓名: 朱俊诚
WARNING 2025-05-06 14:06:48,950 utils 4498 123145602981888 未找到性别信息
WARNING 2025-05-06 14:06:48,950 utils 4498 123145602981888 未找到年龄信息
INFO 2025-05-06 14:06:48,950 utils 4498 123145602981888 提取到电话: 18810463400
INFO 2025-05-06 14:06:48,950 utils 4498 123145602981888 提取到邮箱: devilsong1987@gmail.com
INFO 2025-05-06 14:06:48,950 utils 4498 123145602981888 提取到2条教育经历
WARNING 2025-05-06 14:06:48,950 utils 4498 123145602981888 未找到工作经历
WARNING 2025-05-06 14:06:48,950 utils 4498 123145602981888 未找到技能信息
INFO 2025-05-06 14:06:48,950 utils 4498 123145602981888 信息提取成功
INFO 2025-05-06 14:08:26,904 utils 4546 123145340772352 成功加载中文语言模型
INFO 2025-05-06 14:08:26,904 utils 4546 123145340772352 开始解析文件: 个人简历pdf版.pdf, 类型: .pdf
INFO 2025-05-06 14:08:26,954 utils 4546 123145340772352 PDF文件解析成功
INFO 2025-05-06 14:08:27,068 utils 4546 123145340772352 通过NER提取到姓名: 许德鸿
INFO 2025-05-06 14:08:27,068 utils 4546 123145340772352 提取到电话: 18824057272
INFO 2025-05-06 14:08:27,068 utils 4546 123145340772352 提取到邮箱: DeHongBoy@outlook.comQQ
INFO 2025-05-06 14:08:27,069 utils 4546 123145340772352 通过学校名称提取到1条教育经历
INFO 2025-05-06 14:08:27,069 utils 4546 123145340772352 提取到1条工作经历
INFO 2025-05-06 14:08:27,071 utils 4546 123145340772352 通过关键词提取到9个技能
INFO 2025-05-06 14:08:27,071 utils 4546 123145340772352 信息提取成功
INFO 2025-05-06 14:11:05,973 utils 4588 123145401507840 成功加载中文语言模型
INFO 2025-05-06 14:11:05,973 utils 4588 123145401507840 开始解析文件: 中国石油大学-朱俊诚-硕士-计算机科学.pdf, 类型: .pdf
INFO 2025-05-06 14:11:06,117 utils 4588 123145401507840 PDF文件解析成功
INFO 2025-05-06 14:11:06,259 utils 4588 123145401507840 通过NER提取到姓名: 朱俊诚
WARNING 2025-05-06 14:11:06,259 utils 4588 123145401507840 未找到性别信息
WARNING 2025-05-06 14:11:06,260 utils 4588 123145401507840 未找到年龄信息
INFO 2025-05-06 14:11:06,260 utils 4588 123145401507840 提取到电话: 18810463400
INFO 2025-05-06 14:11:06,260 utils 4588 123145401507840 提取到邮箱: devilsong1987@gmail.com
INFO 2025-05-06 14:11:06,261 utils 4588 123145401507840 提取到学校: 2007-2011 中国人民解放军信息工程大学
INFO 2025-05-06 14:11:06,261 utils 4588 123145401507840 提取到学校: 2011-至今 中国石油大学（北京）计算机科学与技术 硕士（在读） 获奖情况 ------------------------------------------------------------------------------- 中国人民解放军信息工程大学 （2007—2008）优秀学生 中国人民解放军信息工程大学 （2008—2009）优秀学生 中国人民解放军信息工程大学 （2009—2010）优秀学生 中国人民解放军信息工程大学 （2007—2008）二等奖学金 中国石油大学（北京）（ 2011-2012）二等奖学金 中国石油大学（北京）（ 2012-2013）二等奖学金 中国石油大学（北京）（ 2013-2014）二等奖学金 中国石油大学
INFO 2025-05-06 14:11:06,262 utils 4588 123145401507840 提取到学历: 2011-至今 中国石油大学（北京）计算机科学与技术 硕士
INFO 2025-05-06 14:11:06,262 utils 4588 123145401507840 提取到3条教育经历
INFO 2025-05-06 14:11:06,263 utils 4588 123145401507840 提取到公司: 我们 使用了美国 Digi公司
INFO 2025-05-06 14:11:06,264 utils 4588 123145401507840 提取到时间段: 2012.5-2012.7
INFO 2025-05-06 14:11:06,264 utils 4588 123145401507840 通过公司名称提取到1条工作经历
INFO 2025-05-06 14:11:06,265 utils 4588 123145401507840 通过关键词提取到1个技能
INFO 2025-05-06 14:11:06,265 utils 4588 123145401507840 信息提取成功
INFO 2025-05-06 14:13:34,247 utils 4645 123145560502272 成功加载中文语言模型
INFO 2025-05-06 14:13:34,247 utils 4645 123145560502272 开始解析文件: 个人简历pdf版.pdf, 类型: .pdf
INFO 2025-05-06 14:13:34,297 utils 4645 123145560502272 PDF文件解析成功
INFO 2025-05-06 14:13:34,416 utils 4645 123145560502272 通过NER提取到姓名: 许德鸿
WARNING 2025-05-06 14:13:34,417 utils 4645 123145560502272 未找到性别信息
WARNING 2025-05-06 14:13:34,418 utils 4645 123145560502272 未找到年龄信息
INFO 2025-05-06 14:13:34,418 utils 4645 123145560502272 提取到电话: 18824057272
INFO 2025-05-06 14:13:34,418 utils 4645 123145560502272 提取到邮箱: DeHongBoy@outlook.comQQ
INFO 2025-05-06 14:13:34,418 utils 4645 123145560502272 提取到1条教育经历
INFO 2025-05-06 14:13:34,418 utils 4645 123145560502272 提取到1条工作经历
INFO 2025-05-06 14:13:34,421 utils 4645 123145560502272 通过关键词提取到9个技能
INFO 2025-05-06 14:13:34,421 utils 4645 123145560502272 信息提取成功
INFO 2025-05-06 14:13:48,806 utils 4645 123145560502272 成功加载中文语言模型
INFO 2025-05-06 14:13:48,806 utils 4645 123145560502272 开始解析文件: 个人简历pdf版.pdf, 类型: .pdf
INFO 2025-05-06 14:13:48,856 utils 4645 123145560502272 PDF文件解析成功
INFO 2025-05-06 14:13:48,944 utils 4645 123145560502272 通过NER提取到姓名: 许德鸿
WARNING 2025-05-06 14:13:48,945 utils 4645 123145560502272 未找到性别信息
WARNING 2025-05-06 14:13:48,945 utils 4645 123145560502272 未找到年龄信息
INFO 2025-05-06 14:13:48,945 utils 4645 123145560502272 提取到电话: 18824057272
INFO 2025-05-06 14:13:48,945 utils 4645 123145560502272 提取到邮箱: DeHongBoy@outlook.comQQ
INFO 2025-05-06 14:13:48,945 utils 4645 123145560502272 提取到1条教育经历
INFO 2025-05-06 14:13:48,945 utils 4645 123145560502272 提取到1条工作经历
INFO 2025-05-06 14:13:48,945 utils 4645 123145560502272 通过关键词提取到9个技能
INFO 2025-05-06 14:13:48,945 utils 4645 123145560502272 信息提取成功
INFO 2025-05-06 14:14:05,377 utils 4645 123145560502272 成功加载中文语言模型
INFO 2025-05-06 14:14:05,377 utils 4645 123145560502272 开始解析文件: 中国石油大学-朱俊诚-硕士-计算机科学.pdf, 类型: .pdf
INFO 2025-05-06 14:14:05,416 utils 4645 123145560502272 PDF文件解析成功
INFO 2025-05-06 14:14:05,527 utils 4645 123145560502272 通过NER提取到姓名: 朱俊诚
WARNING 2025-05-06 14:14:05,527 utils 4645 123145560502272 未找到性别信息
WARNING 2025-05-06 14:14:05,527 utils 4645 123145560502272 未找到年龄信息
INFO 2025-05-06 14:14:05,527 utils 4645 123145560502272 提取到电话: 18810463400
INFO 2025-05-06 14:14:05,527 utils 4645 123145560502272 提取到邮箱: devilsong1987@gmail.com
INFO 2025-05-06 14:14:05,527 utils 4645 123145560502272 提取到3条教育经历
INFO 2025-05-06 14:14:05,528 utils 4645 123145560502272 通过公司名称提取到1条工作经历
INFO 2025-05-06 14:14:05,528 utils 4645 123145560502272 通过关键词提取到1个技能
INFO 2025-05-06 14:14:05,528 utils 4645 123145560502272 信息提取成功
INFO 2025-05-06 14:16:59,592 utils 4695 123145505382400 成功加载中文语言模型
INFO 2025-05-06 14:16:59,592 utils 4695 123145505382400 开始解析文件: 个人简历pdf版.pdf, 类型: .pdf
INFO 2025-05-06 14:16:59,641 utils 4695 123145505382400 PDF文件解析成功
INFO 2025-05-06 14:16:59,756 utils 4695 123145505382400 通过NER提取到姓名: 许德鸿
WARNING 2025-05-06 14:16:59,757 utils 4695 123145505382400 未找到性别信息
WARNING 2025-05-06 14:16:59,757 utils 4695 123145505382400 未找到年龄信息
INFO 2025-05-06 14:16:59,757 utils 4695 123145505382400 提取到电话: 18824057272
INFO 2025-05-06 14:16:59,758 utils 4695 123145505382400 提取到邮箱: DeHongBoy@outlook.comQQ
INFO 2025-05-06 14:16:59,758 utils 4695 123145505382400 提取到1条教育经历
INFO 2025-05-06 14:16:59,758 utils 4695 123145505382400 提取到1条工作经历
INFO 2025-05-06 14:16:59,760 utils 4695 123145505382400 通过关键词提取到9个技能
INFO 2025-05-06 14:16:59,760 utils 4695 123145505382400 信息提取成功
INFO 2025-05-06 14:20:30,889 utils 4751 123145545961472 成功加载中文语言模型
INFO 2025-05-06 14:20:30,890 utils 4751 123145545961472 开始解析文件: 个人简历pdf版.pdf, 类型: .pdf
INFO 2025-05-06 14:20:30,938 utils 4751 123145545961472 PDF文件解析成功
INFO 2025-05-06 14:20:31,044 utils 4751 123145545961472 通过NER提取到姓名: 许德鸿
WARNING 2025-05-06 14:20:31,044 utils 4751 123145545961472 未找到性别信息
WARNING 2025-05-06 14:20:31,045 utils 4751 123145545961472 未找到年龄信息
INFO 2025-05-06 14:20:31,045 utils 4751 123145545961472 提取到电话: 18824057272
INFO 2025-05-06 14:20:31,045 utils 4751 123145545961472 提取到邮箱: DeHongBoy@outlook.comQQ
INFO 2025-05-06 14:20:31,046 utils 4751 123145545961472 提取到1条教育经历
INFO 2025-05-06 14:20:31,046 utils 4751 123145545961472 提取到1条工作经历
INFO 2025-05-06 14:20:31,047 utils 4751 123145545961472 通过关键词提取到9个技能
INFO 2025-05-06 14:20:31,047 utils 4751 123145545961472 信息提取成功
